<?xml version="1.0" encoding="UTF-8"?>
<!-- Generated by org.testng.reporters.JUnitReportReporter -->
<testsuite hostname="LAPTOP-FA9HH6OV" failures="0" tests="4" name="TestsSau.LoginTest" time="0.961" errors="0" timestamp="2021-10-06T12:07:09 IDT" skipped="0">
  <testcase classname="TestsSau.LoginTest" name="l1_loginFailed" time="0.206"/>
  <system-out/>
  <testcase classname="TestsSau.LoginTest" name="l1_loginFailed" time="0.218"/>
  <system-out/>
  <testcase classname="TestsSau.LoginTest" name="l1_loginFailed" time="0.312"/>
  <system-out/>
  <testcase classname="TestsSau.LoginTest" name="l1_loginFailed" time="0.225"/>
  <system-out/>
</testsuite> <!-- TestsSau.LoginTest -->
