<?xml version="1.0" encoding="UTF-8"?>
<!-- Generated by org.testng.reporters.JUnitReportReporter -->
<testsuite hostname="LAPTOP-FA9HH6OV" failures="0" tests="4" name="TestsSau.LoginTest" time="0.694" errors="0" timestamp="2021-09-29T11:03:09 IDT" skipped="0">
  <testcase classname="TestsSau.LoginTest" name="l1_loginFailed" time="0.137"/>
  <system-out/>
  <testcase classname="TestsSau.LoginTest" name="l1_loginFailed" time="0.251"/>
  <system-out/>
  <testcase classname="TestsSau.LoginTest" name="l1_loginFailed" time="0.152"/>
  <system-out/>
  <testcase classname="TestsSau.LoginTest" name="l1_loginFailed" time="0.154"/>
  <system-out/>
</testsuite> <!-- TestsSau.LoginTest -->
