<?xml version="1.0" encoding="UTF-8"?>
<!-- Generated by org.testng.reporters.JUnitReportReporter -->
<testsuite skipped="0" hostname="LAPTOP-FA9HH6OV" name="TestsSau.LoginTest" tests="4" failures="0" timestamp="2021-10-06T12:08:45 IDT" time="1.302" errors="0">
  <testcase name="l1_loginFailed" time="0.418" classname="TestsSau.LoginTest"/>
  <system-out/>
  <testcase name="l1_loginFailed" time="0.289" classname="TestsSau.LoginTest"/>
  <system-out/>
  <testcase name="l1_loginFailed" time="0.303" classname="TestsSau.LoginTest"/>
  <system-out/>
  <testcase name="l1_loginFailed" time="0.292" classname="TestsSau.LoginTest"/>
  <system-out/>
</testsuite> <!-- TestsSau.LoginTest -->
